0 info it worked if it ends with ok
1 verbose cli [ 'C:\\apps\\node\\nodejs\\\\node.exe',
1 verbose cli   'C:\\apps\\node\\nodejs\\node_modules\\npm\\bin\\npm-cli.js',
1 verbose cli   'install',
1 verbose cli   '-g',
1 verbose cli   'n' ]
2 info using npm@1.3.21
3 info using node@v0.10.24
4 verbose node symlink C:\apps\node\nodejs\\node.exe
5 verbose cache add [ 'n', null ]
6 verbose cache add name=undefined spec="n" args=["n",null]
7 verbose parsed url { protocol: null,
7 verbose parsed url   slashes: null,
7 verbose parsed url   auth: null,
7 verbose parsed url   host: null,
7 verbose parsed url   port: null,
7 verbose parsed url   hostname: null,
7 verbose parsed url   hash: null,
7 verbose parsed url   search: null,
7 verbose parsed url   query: null,
7 verbose parsed url   pathname: 'n',
7 verbose parsed url   path: 'n',
7 verbose parsed url   href: 'n' }
8 silly lockFile d1854cae-n n
9 verbose lock n C:\Users\adam.cameron\AppData\Roaming\npm-cache\d1854cae-n.lock
10 silly lockFile d1854cae-n n
11 silly lockFile d1854cae-n n
12 verbose addNamed [ 'n', '' ]
13 verbose addNamed [ null, '*' ]
14 silly lockFile 6b58d7dc-n n@
15 verbose lock n@ C:\Users\adam.cameron\AppData\Roaming\npm-cache\6b58d7dc-n.lock
16 silly addNameRange { name: 'n', range: '*', hasData: false }
17 verbose url raw n
18 verbose url resolving [ 'https://registry.npmjs.org/', './n' ]
19 verbose url resolved https://registry.npmjs.org/n
20 info trying registry request attempt 1 at 23:08:39
21 http GET https://registry.npmjs.org/n
22 http 200 https://registry.npmjs.org/n
23 silly registry.get cb [ 200,
23 silly registry.get   { server: 'CouchDB/1.5.0 (Erlang OTP/R16B03)',
23 silly registry.get     etag: '"A6DLH7V5AU2GX4ZWDFIR89JJE"',
23 silly registry.get     'content-type': 'application/json',
23 silly registry.get     'cache-control': 'max-age=60',
23 silly registry.get     'content-length': '47819',
23 silly registry.get     'accept-ranges': 'bytes',
23 silly registry.get     date: 'Thu, 23 Jul 2015 22:08:37 GMT',
23 silly registry.get     via: '1.1 varnish',
23 silly registry.get     age: '0',
23 silly registry.get     connection: 'keep-alive',
23 silly registry.get     'x-served-by': 'cache-lcy1125-LCY',
23 silly registry.get     'x-cache': 'HIT',
23 silly registry.get     'x-cache-hits': '1',
23 silly registry.get     'x-timer': 'S1437689316.758258,VS0,VE690',
23 silly registry.get     vary: 'Accept' } ]
24 silly addNameRange number 2 { name: 'n', range: '*', hasData: true }
25 silly addNameRange versions [ 'n',
25 silly addNameRange   [ '0.0.1',
25 silly addNameRange     '0.0.2',
25 silly addNameRange     '0.0.3',
25 silly addNameRange     '0.0.4',
25 silly addNameRange     '0.1.0',
25 silly addNameRange     '0.1.1',
25 silly addNameRange     '0.1.2',
25 silly addNameRange     '0.2.0',
25 silly addNameRange     '0.2.1',
25 silly addNameRange     '0.2.2',
25 silly addNameRange     '0.3.0',
25 silly addNameRange     '0.4.0',
25 silly addNameRange     '0.4.1',
25 silly addNameRange     '0.4.2',
25 silly addNameRange     '0.5.0',
25 silly addNameRange     '0.5.1',
25 silly addNameRange     '0.5.2',
25 silly addNameRange     '0.5.3',
25 silly addNameRange     '0.5.4',
25 silly addNameRange     '0.6.0',
25 silly addNameRange     '0.6.1',
25 silly addNameRange     '0.7.0',
25 silly addNameRange     '0.7.1',
25 silly addNameRange     '0.7.2',
25 silly addNameRange     '0.7.3',
25 silly addNameRange     '0.8.0',
25 silly addNameRange     '0.8.1',
25 silly addNameRange     '0.8.2',
25 silly addNameRange     '0.9.0',
25 silly addNameRange     '0.9.1',
25 silly addNameRange     '0.9.2',
25 silly addNameRange     '0.9.3',
25 silly addNameRange     '1.0.0',
25 silly addNameRange     '1.1.0',
25 silly addNameRange     '1.2.1',
25 silly addNameRange     '1.2.2',
25 silly addNameRange     '1.2.3',
25 silly addNameRange     '1.2.4',
25 silly addNameRange     '1.2.5',
25 silly addNameRange     '1.2.6',
25 silly addNameRange     '1.2.7',
25 silly addNameRange     '1.2.8',
25 silly addNameRange     '1.2.9',
25 silly addNameRange     '1.2.11',
25 silly addNameRange     '1.2.13',
25 silly addNameRange     '1.2.14',
25 silly addNameRange     '1.3.0',
25 silly addNameRange     '1.4.0',
25 silly addNameRange     '2.0.0',
25 silly addNameRange     '1.4.1',
25 silly addNameRange     '2.0.1' ] ]
26 verbose addNamed [ 'n', '2.0.1' ]
27 verbose addNamed [ '2.0.1', '2.0.1' ]
28 silly lockFile d13bfc7e-n-2-0-1 n@2.0.1
29 verbose lock n@2.0.1 C:\Users\adam.cameron\AppData\Roaming\npm-cache\d13bfc7e-n-2-0-1.lock
30 silly lockFile d1b20b4a-registry-npmjs-org-n-n-2-0-1-tgz https://registry.npmjs.org/n/-/n-2.0.1.tgz
31 verbose lock https://registry.npmjs.org/n/-/n-2.0.1.tgz C:\Users\adam.cameron\AppData\Roaming\npm-cache\d1b20b4a-registry-npmjs-org-n-n-2-0-1-tgz.lock
32 verbose addRemoteTarball [ 'https://registry.npmjs.org/n/-/n-2.0.1.tgz',
32 verbose addRemoteTarball   'b327196797e9cd2d48f6d1fe6a8191ec4a92c4c1' ]
33 info retry fetch attempt 1 at 23:08:40
34 verbose fetch to= C:\Users\ADAM~1.CAM\AppData\Local\Temp\npm-7756-XZAbIg_M\1437689320883-0.003791492199525237\tmp.tgz
35 http GET https://registry.npmjs.org/n/-/n-2.0.1.tgz
36 http 200 https://registry.npmjs.org/n/-/n-2.0.1.tgz
37 verbose tar unpack C:\Users\ADAM~1.CAM\AppData\Local\Temp\npm-7756-XZAbIg_M\1437689320883-0.003791492199525237\tmp.tgz
38 silly lockFile b6981255-883-0-003791492199525237-package tar://C:\Users\ADAM~1.CAM\AppData\Local\Temp\npm-7756-XZAbIg_M\1437689320883-0.003791492199525237\package
39 verbose lock tar://C:\Users\ADAM~1.CAM\AppData\Local\Temp\npm-7756-XZAbIg_M\1437689320883-0.003791492199525237\package C:\Users\adam.cameron\AppData\Roaming\npm-cache\b6981255-883-0-003791492199525237-package.lock
40 silly lockFile 5224dbcc-883-0-003791492199525237-tmp-tgz tar://C:\Users\ADAM~1.CAM\AppData\Local\Temp\npm-7756-XZAbIg_M\1437689320883-0.003791492199525237\tmp.tgz
41 verbose lock tar://C:\Users\ADAM~1.CAM\AppData\Local\Temp\npm-7756-XZAbIg_M\1437689320883-0.003791492199525237\tmp.tgz C:\Users\adam.cameron\AppData\Roaming\npm-cache\5224dbcc-883-0-003791492199525237-tmp-tgz.lock
42 silly gunzTarPerm modes [ '755', '644' ]
43 silly gunzTarPerm extractEntry package.json
44 silly gunzTarPerm extractEntry Makefile
45 silly gunzTarPerm extractEntry Readme.md
46 silly gunzTarPerm extractEntry bin/n
47 silly lockFile b6981255-883-0-003791492199525237-package tar://C:\Users\ADAM~1.CAM\AppData\Local\Temp\npm-7756-XZAbIg_M\1437689320883-0.003791492199525237\package
48 silly lockFile b6981255-883-0-003791492199525237-package tar://C:\Users\ADAM~1.CAM\AppData\Local\Temp\npm-7756-XZAbIg_M\1437689320883-0.003791492199525237\package
49 silly lockFile 5224dbcc-883-0-003791492199525237-tmp-tgz tar://C:\Users\ADAM~1.CAM\AppData\Local\Temp\npm-7756-XZAbIg_M\1437689320883-0.003791492199525237\tmp.tgz
50 silly lockFile 5224dbcc-883-0-003791492199525237-tmp-tgz tar://C:\Users\ADAM~1.CAM\AppData\Local\Temp\npm-7756-XZAbIg_M\1437689320883-0.003791492199525237\tmp.tgz
51 verbose tar pack [ 'C:\\Users\\adam.cameron\\AppData\\Roaming\\npm-cache\\n\\2.0.1\\package.tgz',
51 verbose tar pack   'C:\\Users\\ADAM~1.CAM\\AppData\\Local\\Temp\\npm-7756-XZAbIg_M\\1437689320883-0.003791492199525237\\package' ]
52 verbose tarball C:\Users\adam.cameron\AppData\Roaming\npm-cache\n\2.0.1\package.tgz
53 verbose folder C:\Users\ADAM~1.CAM\AppData\Local\Temp\npm-7756-XZAbIg_M\1437689320883-0.003791492199525237\package
54 silly lockFile b6981255-883-0-003791492199525237-package tar://C:\Users\ADAM~1.CAM\AppData\Local\Temp\npm-7756-XZAbIg_M\1437689320883-0.003791492199525237\package
55 verbose lock tar://C:\Users\ADAM~1.CAM\AppData\Local\Temp\npm-7756-XZAbIg_M\1437689320883-0.003791492199525237\package C:\Users\adam.cameron\AppData\Roaming\npm-cache\b6981255-883-0-003791492199525237-package.lock
56 silly lockFile 822b9bae-ng-npm-cache-n-2-0-1-package-tgz tar://C:\Users\adam.cameron\AppData\Roaming\npm-cache\n\2.0.1\package.tgz
57 verbose lock tar://C:\Users\adam.cameron\AppData\Roaming\npm-cache\n\2.0.1\package.tgz C:\Users\adam.cameron\AppData\Roaming\npm-cache\822b9bae-ng-npm-cache-n-2-0-1-package-tgz.lock
58 silly lockFile b6981255-883-0-003791492199525237-package tar://C:\Users\ADAM~1.CAM\AppData\Local\Temp\npm-7756-XZAbIg_M\1437689320883-0.003791492199525237\package
59 silly lockFile b6981255-883-0-003791492199525237-package tar://C:\Users\ADAM~1.CAM\AppData\Local\Temp\npm-7756-XZAbIg_M\1437689320883-0.003791492199525237\package
60 silly lockFile 822b9bae-ng-npm-cache-n-2-0-1-package-tgz tar://C:\Users\adam.cameron\AppData\Roaming\npm-cache\n\2.0.1\package.tgz
61 silly lockFile 822b9bae-ng-npm-cache-n-2-0-1-package-tgz tar://C:\Users\adam.cameron\AppData\Roaming\npm-cache\n\2.0.1\package.tgz
62 silly lockFile 08179623-oaming-npm-cache-n-2-0-1-package C:\Users\adam.cameron\AppData\Roaming\npm-cache\n\2.0.1\package
63 verbose lock C:\Users\adam.cameron\AppData\Roaming\npm-cache\n\2.0.1\package C:\Users\adam.cameron\AppData\Roaming\npm-cache\08179623-oaming-npm-cache-n-2-0-1-package.lock
64 silly lockFile 08179623-oaming-npm-cache-n-2-0-1-package C:\Users\adam.cameron\AppData\Roaming\npm-cache\n\2.0.1\package
65 silly lockFile 08179623-oaming-npm-cache-n-2-0-1-package C:\Users\adam.cameron\AppData\Roaming\npm-cache\n\2.0.1\package
66 verbose tar unpack C:\Users\adam.cameron\AppData\Roaming\npm-cache\n\2.0.1\package.tgz
67 silly lockFile 6ad2700b-oaming-npm-cache-n-2-0-1-package tar://C:\Users\adam.cameron\AppData\Roaming\npm-cache\n\2.0.1\package
68 verbose lock tar://C:\Users\adam.cameron\AppData\Roaming\npm-cache\n\2.0.1\package C:\Users\adam.cameron\AppData\Roaming\npm-cache\6ad2700b-oaming-npm-cache-n-2-0-1-package.lock
69 silly lockFile 822b9bae-ng-npm-cache-n-2-0-1-package-tgz tar://C:\Users\adam.cameron\AppData\Roaming\npm-cache\n\2.0.1\package.tgz
70 verbose lock tar://C:\Users\adam.cameron\AppData\Roaming\npm-cache\n\2.0.1\package.tgz C:\Users\adam.cameron\AppData\Roaming\npm-cache\822b9bae-ng-npm-cache-n-2-0-1-package-tgz.lock
71 silly gunzTarPerm modes [ '755', '644' ]
72 silly gunzTarPerm extractEntry package.json
73 silly gunzTarPerm modified mode [ 'package.json', 438, 420 ]
74 silly gunzTarPerm extractEntry bin/n
75 silly gunzTarPerm modified mode [ 'bin/n', 438, 420 ]
76 silly gunzTarPerm extractEntry Makefile
77 silly gunzTarPerm modified mode [ 'Makefile', 438, 420 ]
78 silly gunzTarPerm extractEntry Readme.md
79 silly gunzTarPerm modified mode [ 'Readme.md', 438, 420 ]
80 silly lockFile 6ad2700b-oaming-npm-cache-n-2-0-1-package tar://C:\Users\adam.cameron\AppData\Roaming\npm-cache\n\2.0.1\package
81 silly lockFile 6ad2700b-oaming-npm-cache-n-2-0-1-package tar://C:\Users\adam.cameron\AppData\Roaming\npm-cache\n\2.0.1\package
82 silly lockFile 822b9bae-ng-npm-cache-n-2-0-1-package-tgz tar://C:\Users\adam.cameron\AppData\Roaming\npm-cache\n\2.0.1\package.tgz
83 silly lockFile 822b9bae-ng-npm-cache-n-2-0-1-package-tgz tar://C:\Users\adam.cameron\AppData\Roaming\npm-cache\n\2.0.1\package.tgz
84 verbose chmod C:\Users\adam.cameron\AppData\Roaming\npm-cache\n\2.0.1\package.tgz 644
85 silly chown skipping for windows C:\Users\adam.cameron\AppData\Roaming\npm-cache\n\2.0.1\package.tgz
86 silly lockFile d1b20b4a-registry-npmjs-org-n-n-2-0-1-tgz https://registry.npmjs.org/n/-/n-2.0.1.tgz
87 silly lockFile d1b20b4a-registry-npmjs-org-n-n-2-0-1-tgz https://registry.npmjs.org/n/-/n-2.0.1.tgz
88 silly lockFile d13bfc7e-n-2-0-1 n@2.0.1
89 silly lockFile d13bfc7e-n-2-0-1 n@2.0.1
90 silly lockFile 6b58d7dc-n n@
91 silly lockFile 6b58d7dc-n n@
92 silly resolved [ { name: 'n',
92 silly resolved     description: 'node version manager',
92 silly resolved     version: '2.0.1',
92 silly resolved     author: { name: 'TJ Holowaychuk', email: 'tj@vision-media.ca' },
92 silly resolved     homepage: 'https://github.com/tj/n',
92 silly resolved     bugs: { url: 'https://github.com/tj/n/issues' },
92 silly resolved     contributors: [ [Object] ],
92 silly resolved     keywords:
92 silly resolved      [ 'nvm',
92 silly resolved        'node',
92 silly resolved        'version',
92 silly resolved        'manager',
92 silly resolved        'switcher',
92 silly resolved        'node',
92 silly resolved        'binary',
92 silly resolved        'env' ],
92 silly resolved     bin: { n: './bin/n' },
92 silly resolved     repository: { type: 'git', url: 'git://github.com/tj/n.git' },
92 silly resolved     preferGlobal: true,
92 silly resolved     os: [ '!win32' ],
92 silly resolved     engines: { node: '*' },
92 silly resolved     license: 'MIT',
92 silly resolved     readme: '# n\n\n[![Join the chat at https://gitter.im/tj/n](https://badges.gitter.im/Join%20Chat.svg)](https://gitter.im/tj/n?utm_source=badge&utm_medium=badge&utm_campaign=pr-badge&utm_content=badge)\n\nSimple flavour of node/iojs binary management, no subshells, no profile setup, no convoluted api, just _simple_.\n\n*Note: Does not work on Windows at the moment. Pull Requests are appreciated.*   \n*If you are searching for the latest version below 2.x.x, check out the branch "1.x.x"*\n\n ![](https://i.cloudup.com/59cA8VEDae.gif)\n\n## Installation\n\n    $ npm install -g n\n\nor\n\n    $ make install\n\nto `$HOME`. Prefix later calls to `n` with `N_PREFIX=$HOME`\n\n    $ PREFIX=$HOME make install\n\n### Installing Binaries\n\nInstall a few nodes:\n\n    $ n 0.8.14\n    $ n 0.8.17\n    $ n 0.9.6\n\nType `n` to prompt selection of an installed node. Use the up /\ndown arrow to navigate, and press enter or the right arrow to\nselect, or ^C to cancel:\n\n    $ n\n\n      0.8.14\n    ο 0.8.17\n      0.9.6\n\nUse or install the latest official release:\n\n    $ n latest\n\nUse or install the stable official release:\n\n    $ n stable\n\n### Removing Binaries\n\nRemove some versions:\n\n    $ n rm 0.9.4 v0.10.0\n\nInstead of using `rm` we can simply use `-`:\n\n    $ n - 0.9.4\n\n### Binary Usage\n\nWhen running multiple versions of node, we can target\nthem directly by asking `n` for the binary path:\n\n    $ n bin 0.9.4\n    /usr/local/n/versions/0.9.4/bin/node\n\nOr by using a specific version through `n`\'s `use` sub-command:\n\n    $ n use 0.9.4 some.js\n\nwith flags:\n\n    $ n as 0.9.4 --debug some.js\n\n### Different Architectures\n\nBy default `n` picks the binaries matching your system architecture, e.g. `n` will download 64 bit binaries for a 64 bit system. You can override this by using the `-a` or `--arch` option.\n\nDownload and use latest 32 bit version of node:\n\n    $ n --arch x86 latest\n\nDownload and use latest 32 bit version of iojs:\n\n    $ n io --arch x86 latest\n\n\n## Usage\n\n Output from `n --help`:\n\n    Usage: n [options/env] [COMMAND] [args]\n\n    Environments:\n     n [COMMAND] [args]            Uses default env (node)\n     n io [COMMAND]                Sets env as io\n\n    Commands:\n\n      n                              Output versions installed\n      n latest                       Install or activate the latest node release\n      n -a x86 latest                As above but force 32 bit architecture\n      n stable                       Install or activate the latest stable node release\n      n <version>                    Install node <version>\n      n use <version> [args ...]     Execute node <version> with [args ...]\n      n bin <version>                Output bin path for <version>\n      n rm <version ...>             Remove the given version(s)\n      n --latest                     Output the latest node version available\n      n --stable                     Output the latest stable node version available\n      n ls                           Output the versions of node available\n\n    (iojs):\n\n      n io latest                    Install or activate the latest iojs release\n      n io -a x86 latest             As above but force 32 bit architecture\n      n io <version>                 Install iojs <version>\n      n io use <version> [args ...]  Execute iojs <version> with [args ...]\n      n io bin <version>             Output bin path for <version>\n      n io rm <version ...>          Remove the given version(s)\n      n io --latest                  Output the latest iojs version available\n      n io ls                        Output the versions of iojs available\n\n    Options:\n\n      -V, --version   Output current version of n\n      -h, --help      Display help information\n      -q, --quiet     Disable curl output (if available)\n      -d, --download  Download only\n      -a, --arch      Override system architecture\n\n    Aliases:\n\n      which   bin\n      use     as\n      list    ls\n      -       rm\n\n## Details\n\n `n` by default installs node to _/usr/local/n/versions_, from\n which it can see what you have currently installed, and activate previously installed versions of node when `n <version>` is invoked again.\n\n Activated nodes are then installed to the prefix _/usr/local_, which of course may be altered via the __N_PREFIX__ environment variable.\n\n To alter where `n` operates simply export __N_PREFIX__ to whatever you prefer.\n\n## License\n\n(The MIT License)\n\nCopyright (c) 2014 TJ Holowaychuk &lt;tj@vision-media.ca&gt;\n\nPermission is hereby granted, free of charge, to any person obtaining\na copy of this software and associated documentation files (the\n\'Software\'), to deal in the Software without restriction, including\nwithout limitation the rights to use, copy, modify, merge, publish,\ndistribute, sublicense, and/or sell copies of the Software, and to\npermit persons to whom the Software is furnished to do so, subject to\nthe following conditions:\n\nThe above copyright notice and this permission notice shall be\nincluded in all copies or substantial portions of the Software.\n\nTHE SOFTWARE IS PROVIDED \'AS IS\', WITHOUT WARRANTY OF ANY KIND,\nEXPRESS OR IMPLIED, INCLUDING BUT NOT LIMITED TO THE WARRANTIES OF\nMERCHANTABILITY, FITNESS FOR A PARTICULAR PURPOSE AND NONINFRINGEMENT.\nIN NO EVENT SHALL THE AUTHORS OR COPYRIGHT HOLDERS BE LIABLE FOR ANY\nCLAIM, DAMAGES OR OTHER LIABILITY, WHETHER IN AN ACTION OF CONTRACT,\nTORT OR OTHERWISE, ARISING FROM, OUT OF OR IN CONNECTION WITH THE\nSOFTWARE OR THE USE OR OTHER DEALINGS IN THE SOFTWARE.\n',
92 silly resolved     readmeFilename: 'Readme.md',
92 silly resolved     _id: 'n@2.0.1',
92 silly resolved     dist: { shasum: '1000ae831151e07d67df5a308430c4771cdb2bfc' },
92 silly resolved     _from: 'n@',
92 silly resolved     _resolved: 'https://registry.npmjs.org/n/-/n-2.0.1.tgz' } ]
93 info install n@2.0.1 into c:\apps\node\npm
94 info installOne n@2.0.1
95 error notsup Unsupported
95 error notsup Not compatible with your operating system or architecture: n@2.0.1
95 error notsup Valid OS:    !win32
95 error notsup Valid Arch:  any
95 error notsup Actual OS:   win32
95 error notsup Actual Arch: x64
96 error System Windows_NT 6.1.7601
97 error command "C:\\apps\\node\\nodejs\\\\node.exe" "C:\\apps\\node\\nodejs\\node_modules\\npm\\bin\\npm-cli.js" "install" "-g" "n"
98 error cwd C:\src\otherLanguages\js\promises
99 error node -v v0.10.24
100 error npm -v 1.3.21
101 error code EBADPLATFORM
102 verbose exit [ 1, true ]
